NOTE: Picked up JDK_JAVA_OPTIONS:  --add-opens=java.base/java.lang=ALL-UNNAMED --add-opens=java.base/java.io=ALL-UNNAMED --add-opens=java.base/java.util=ALL-UNNAMED --add-opens=java.base/java.util.concurrent=ALL-UNNAMED --add-opens=java.rmi/sun.rmi.transport=ALL-UNNAMED
18-May-2023 01:14:59.965 INFO [main] org.apache.catalina.startup.VersionLoggerListener.log Server version name:   Apache Tomcat/9.0.75
18-May-2023 01:14:59.972 INFO [main] org.apache.catalina.startup.VersionLoggerListener.log Server built:          May 4 2023 13:04:05 UTC
18-May-2023 01:14:59.973 INFO [main] org.apache.catalina.startup.VersionLoggerListener.log Server version number: 9.0.75.0
18-May-2023 01:14:59.973 INFO [main] org.apache.catalina.startup.VersionLoggerListener.log OS Name:               Linux
18-May-2023 01:14:59.973 INFO [main] org.apache.catalina.startup.VersionLoggerListener.log OS Version:            5.14.0-70.49.1.el9_0.x86_64
18-May-2023 01:14:59.973 INFO [main] org.apache.catalina.startup.VersionLoggerListener.log Architecture:          amd64
18-May-2023 01:14:59.973 INFO [main] org.apache.catalina.startup.VersionLoggerListener.log Java Home:             /usr/lib/jvm/java-11-openjdk-11.0.19.0.7-4.el9.x86_64
18-May-2023 01:14:59.974 INFO [main] org.apache.catalina.startup.VersionLoggerListener.log JVM Version:           11.0.19+7-LTS
18-May-2023 01:14:59.974 INFO [main] org.apache.catalina.startup.VersionLoggerListener.log JVM Vendor:            Red Hat, Inc.
18-May-2023 01:14:59.974 INFO [main] org.apache.catalina.startup.VersionLoggerListener.log CATALINA_BASE:         /project3/apache-tomcat-9.0.75
18-May-2023 01:14:59.974 INFO [main] org.apache.catalina.startup.VersionLoggerListener.log CATALINA_HOME:         /project3/apache-tomcat-9.0.75
18-May-2023 01:15:00.037 INFO [main] org.apache.catalina.startup.VersionLoggerListener.log Command line argument: --add-opens=java.base/java.lang=ALL-UNNAMED
18-May-2023 01:15:00.037 INFO [main] org.apache.catalina.startup.VersionLoggerListener.log Command line argument: --add-opens=java.base/java.io=ALL-UNNAMED
18-May-2023 01:15:00.037 INFO [main] org.apache.catalina.startup.VersionLoggerListener.log Command line argument: --add-opens=java.base/java.util=ALL-UNNAMED
18-May-2023 01:15:00.038 INFO [main] org.apache.catalina.startup.VersionLoggerListener.log Command line argument: --add-opens=java.base/java.util.concurrent=ALL-UNNAMED
18-May-2023 01:15:00.038 INFO [main] org.apache.catalina.startup.VersionLoggerListener.log Command line argument: --add-opens=java.rmi/sun.rmi.transport=ALL-UNNAMED
18-May-2023 01:15:00.038 INFO [main] org.apache.catalina.startup.VersionLoggerListener.log Command line argument: -Djava.util.logging.config.file=/project3/apache-tomcat-9.0.75/conf/logging.properties
18-May-2023 01:15:00.038 INFO [main] org.apache.catalina.startup.VersionLoggerListener.log Command line argument: -Djava.util.logging.manager=org.apache.juli.ClassLoaderLogManager
18-May-2023 01:15:00.038 INFO [main] org.apache.catalina.startup.VersionLoggerListener.log Command line argument: -Djdk.tls.ephemeralDHKeySize=2048
18-May-2023 01:15:00.038 INFO [main] org.apache.catalina.startup.VersionLoggerListener.log Command line argument: -Djava.protocol.handler.pkgs=org.apache.catalina.webresources
18-May-2023 01:15:00.038 INFO [main] org.apache.catalina.startup.VersionLoggerListener.log Command line argument: -Dorg.apache.catalina.security.SecurityListener.UMASK=0027
18-May-2023 01:15:00.038 INFO [main] org.apache.catalina.startup.VersionLoggerListener.log Command line argument: -Dignore.endorsed.dirs=
18-May-2023 01:15:00.038 INFO [main] org.apache.catalina.startup.VersionLoggerListener.log Command line argument: -Dcatalina.base=/project3/apache-tomcat-9.0.75
18-May-2023 01:15:00.039 INFO [main] org.apache.catalina.startup.VersionLoggerListener.log Command line argument: -Dcatalina.home=/project3/apache-tomcat-9.0.75
18-May-2023 01:15:00.039 INFO [main] org.apache.catalina.startup.VersionLoggerListener.log Command line argument: -Djava.io.tmpdir=/project3/apache-tomcat-9.0.75/temp
18-May-2023 01:15:00.041 INFO [main] org.apache.catalina.core.AprLifecycleListener.lifecycleEvent The Apache Tomcat Native library which allows using OpenSSL was not found on the java.library.path: [/usr/java/packages/lib:/usr/lib64:/lib64:/lib:/usr/lib]
18-May-2023 01:15:01.006 INFO [main] org.apache.coyote.AbstractProtocol.init Initializing ProtocolHandler ["http-nio-8080"]
18-May-2023 01:15:01.083 INFO [main] org.apache.catalina.startup.Catalina.load Server initialization in [1638] milliseconds
18-May-2023 01:15:01.251 INFO [main] org.apache.catalina.core.StandardService.startInternal Starting service [Catalina]
18-May-2023 01:15:01.251 INFO [main] org.apache.catalina.core.StandardEngine.startInternal Starting Servlet engine: [Apache Tomcat/9.0.75]
18-May-2023 01:15:01.267 INFO [main] org.apache.catalina.startup.HostConfig.deployDirectory Deploying web application directory [/project3/apache-tomcat-9.0.75/webapps/ROOT]
18-May-2023 01:15:01.918 INFO [main] org.apache.catalina.startup.HostConfig.deployDirectory Deployment of web application directory [/project3/apache-tomcat-9.0.75/webapps/ROOT] has finished in [651] ms
18-May-2023 01:15:01.918 INFO [main] org.apache.catalina.startup.HostConfig.deployDirectory Deploying web application directory [/project3/apache-tomcat-9.0.75/webapps/docs]
18-May-2023 01:15:01.984 INFO [main] org.apache.catalina.startup.HostConfig.deployDirectory Deployment of web application directory [/project3/apache-tomcat-9.0.75/webapps/docs] has finished in [66] ms
18-May-2023 01:15:01.985 INFO [main] org.apache.catalina.startup.HostConfig.deployDirectory Deploying web application directory [/project3/apache-tomcat-9.0.75/webapps/examples]
18-May-2023 01:15:02.527 INFO [main] org.apache.catalina.startup.HostConfig.deployDirectory Deployment of web application directory [/project3/apache-tomcat-9.0.75/webapps/examples] has finished in [542] ms
18-May-2023 01:15:02.528 INFO [main] org.apache.catalina.startup.HostConfig.deployDirectory Deploying web application directory [/project3/apache-tomcat-9.0.75/webapps/host-manager]
18-May-2023 01:15:02.587 INFO [main] org.apache.catalina.startup.HostConfig.deployDirectory Deployment of web application directory [/project3/apache-tomcat-9.0.75/webapps/host-manager] has finished in [59] ms
18-May-2023 01:15:02.587 INFO [main] org.apache.catalina.startup.HostConfig.deployDirectory Deploying web application directory [/project3/apache-tomcat-9.0.75/webapps/manager]
18-May-2023 01:15:02.640 INFO [main] org.apache.catalina.startup.HostConfig.deployDirectory Deployment of web application directory [/project3/apache-tomcat-9.0.75/webapps/manager] has finished in [49] ms
18-May-2023 01:15:02.646 INFO [main] org.apache.coyote.AbstractProtocol.start Starting ProtocolHandler ["http-nio-8080"]
18-May-2023 01:15:02.683 INFO [main] org.apache.catalina.startup.Catalina.start Server startup in [1599] milliseconds
